<?xml version="1.0" encoding="utf-8"?>
<TestRun id="acd501df-ea63-4974-9a0d-aac9b8f48062" name="marcu@MARCUS-DESKTOP 2024-04-23 20:17:09" runUser="MARCUS-DESKTOP\marcu" xmlns="http://microsoft.com/schemas/VisualStudio/TeamTest/2010">
  <Times creation="2024-04-23T20:17:09.3040402+01:00" queuing="2024-04-23T20:17:09.3040405+01:00" start="2024-04-23T20:17:05.4049940+01:00" finish="2024-04-23T20:17:09.3095914+01:00" />
  <TestSettings name="default" id="58d12ce0-2daf-4aaf-baee-f6c871bb8262">
    <Deployment runDeploymentRoot="marcu_MARCUS-DESKTOP_2024-04-23_20_17_09" />
  </TestSettings>
  <Results>
    <UnitTestResult executionId="d9a2cd8a-3c81-4599-b7f2-81605daeaf2e" testId="bcd11b26-d44a-6658-f360-7f2d35faad2f" testName="TestSubmitForm" computerName="MARCUS-DESKTOP" duration="00:00:03.3145760" startTime="2024-04-23T20:17:05.9176358+01:00" endTime="2024-04-23T20:17:09.2321583+01:00" testType="13cdc9d9-ddb5-4fa4-a97d-d965ccfc6d4b" outcome="Passed" testListId="8c84fa94-04c1-424b-9868-57a2d4851a1d" relativeResultsDirectory="d9a2cd8a-3c81-4599-b7f2-81605daeaf2e" />
  </Results>
  <TestDefinitions>
    <UnitTest name="TestSubmitForm" storage="d:\apps\c#seleniumproj\bin\debug\net7.0\c#seleniumproj.dll" id="bcd11b26-d44a-6658-f360-7f2d35faad2f">
      <Execution id="d9a2cd8a-3c81-4599-b7f2-81605daeaf2e" />
      <TestMethod codeBase="D:\Apps\C#SeleniumProj\bin\Debug\net7.0\C#SeleniumProj.dll" adapterTypeName="executor://nunit3testexecutor/" className="FormTests" name="TestSubmitForm" />
    </UnitTest>
  </TestDefinitions>
  <TestEntries>
    <TestEntry testId="bcd11b26-d44a-6658-f360-7f2d35faad2f" executionId="d9a2cd8a-3c81-4599-b7f2-81605daeaf2e" testListId="8c84fa94-04c1-424b-9868-57a2d4851a1d" />
  </TestEntries>
  <TestLists>
    <TestList name="Results Not in a List" id="8c84fa94-04c1-424b-9868-57a2d4851a1d" />
    <TestList name="All Loaded Results" id="19431567-8539-422a-85d7-44ee4e166bda" />
  </TestLists>
  <ResultSummary outcome="Completed">
    <Counters total="1" executed="1" passed="1" failed="0" error="0" timeout="0" aborted="0" inconclusive="0" passedButRunAborted="0" notRunnable="0" notExecuted="0" disconnected="0" warning="0" completed="0" inProgress="0" pending="0" />
    <Output>
      <StdOut>NUnit Adapter 4.5.0.0: Test execution started&#xD;
Running all tests in D:\Apps\C#SeleniumProj\bin\Debug\net7.0\C#SeleniumProj.dll&#xD;
   NUnit3TestExecutor discovered 1 of 1 NUnit test cases using Current Discovery mode, Non-Explicit run&#xD;
NUnit Adapter 4.5.0.0: Test execution complete&#xD;
</StdOut>
    </Output>
  </ResultSummary>
</TestRun>